[debug] [2021-01-21T20:26:12.638Z] ----------------------------------------------------------------------
[debug] [2021-01-21T20:26:12.640Z] Command:       /usr/local/bin/node /usr/local/bin/firebase serve
[debug] [2021-01-21T20:26:12.640Z] CLI Version:   9.2.1
[debug] [2021-01-21T20:26:12.640Z] Platform:      linux
[debug] [2021-01-21T20:26:12.640Z] Node Version:  v12.18.3
[debug] [2021-01-21T20:26:12.645Z] Time:          Thu Jan 21 2021 21:26:12 GMT+0100 (Central European Standard Time)
[debug] [2021-01-21T20:26:12.645Z] ----------------------------------------------------------------------
[debug] [2021-01-21T20:26:12.645Z] 
[debug] [2021-01-21T20:26:12.651Z] > command requires scopes: ["email","openid","https://www.googleapis.com/auth/cloudplatformprojects.readonly","https://www.googleapis.com/auth/firebase","https://www.googleapis.com/auth/cloud-platform"]
[debug] [2021-01-21T20:26:12.651Z] > authorizing via signed-in user
[debug] [2021-01-21T20:26:12.651Z] [iam] checking project cinefiles-12 for permissions ["firebase.projects.get"]
[debug] [2021-01-21T20:26:12.654Z] > refreshing access token with scopes: ["email","https://www.googleapis.com/auth/cloud-platform","https://www.googleapis.com/auth/cloudplatformprojects.readonly","https://www.googleapis.com/auth/firebase","openid"]
[debug] [2021-01-21T20:26:12.654Z] >>> HTTP REQUEST POST https://www.googleapis.com/oauth2/v3/token  
 <request body omitted>
[debug] [2021-01-21T20:26:12.719Z] <<< HTTP RESPONSE 200 {"expires":"Mon, 01 Jan 1990 00:00:00 GMT","pragma":"no-cache","cache-control":"no-cache, no-store, max-age=0, must-revalidate","date":"Thu, 21 Jan 2021 20:26:12 GMT","content-type":"application/json; charset=utf-8","vary":"X-Origin, Referer, Origin,Accept-Encoding","server":"scaffolding on HTTPServer2","x-xss-protection":"0","x-frame-options":"SAMEORIGIN","x-content-type-options":"nosniff","alt-svc":"h3-29=\":443\"; ma=2592000,h3-T051=\":443\"; ma=2592000,h3-Q050=\":443\"; ma=2592000,h3-Q046=\":443\"; ma=2592000,h3-Q043=\":443\"; ma=2592000,quic=\":443\"; ma=2592000; v=\"46,43\"","accept-ranges":"none","transfer-encoding":"chunked"}
[debug] [2021-01-21T20:26:12.724Z] >>> HTTP REQUEST POST https://cloudresourcemanager.googleapis.com/v1/projects/cinefiles-12:testIamPermissions  
 {"permissions":["firebase.projects.get"]}
[debug] [2021-01-21T20:26:13.312Z] <<< HTTP RESPONSE 200 {"content-type":"application/json; charset=UTF-8","vary":"X-Origin, Referer, Origin,Accept-Encoding","date":"Thu, 21 Jan 2021 20:26:13 GMT","server":"ESF","cache-control":"private","x-xss-protection":"0","x-frame-options":"SAMEORIGIN","x-content-type-options":"nosniff","server-timing":"gfet4t7; dur=562","alt-svc":"h3-29=\":443\"; ma=2592000,h3-T051=\":443\"; ma=2592000,h3-Q050=\":443\"; ma=2592000,h3-Q046=\":443\"; ma=2592000,h3-Q043=\":443\"; ma=2592000,quic=\":443\"; ma=2592000; v=\"46,43\"","accept-ranges":"none","transfer-encoding":"chunked"}
[debug] [2021-01-21T20:26:13.313Z] > refreshing access token with scopes: []
[debug] [2021-01-21T20:26:13.313Z] >>> HTTP REQUEST POST https://www.googleapis.com/oauth2/v3/token  
 <request body omitted>
[debug] [2021-01-21T20:26:13.375Z] <<< HTTP RESPONSE 200 {"date":"Thu, 21 Jan 2021 20:26:13 GMT","cache-control":"no-cache, no-store, max-age=0, must-revalidate","pragma":"no-cache","expires":"Mon, 01 Jan 1990 00:00:00 GMT","content-type":"application/json; charset=utf-8","vary":"X-Origin, Referer, Origin,Accept-Encoding","server":"scaffolding on HTTPServer2","x-xss-protection":"0","x-frame-options":"SAMEORIGIN","x-content-type-options":"nosniff","alt-svc":"h3-29=\":443\"; ma=2592000,h3-T051=\":443\"; ma=2592000,h3-Q050=\":443\"; ma=2592000,h3-Q046=\":443\"; ma=2592000,h3-Q043=\":443\"; ma=2592000,quic=\":443\"; ma=2592000; v=\"46,43\"","accept-ranges":"none","transfer-encoding":"chunked"}
[debug] [2021-01-21T20:26:13.386Z] >>> [apiv2][query] GET https://firebase.googleapis.com/v1beta1/projects/cinefiles-12 [none]
[debug] [2021-01-21T20:26:13.529Z] <<< [apiv2][status] GET https://firebase.googleapis.com/v1beta1/projects/cinefiles-12 200
[debug] [2021-01-21T20:26:13.529Z] <<< [apiv2][body] GET https://firebase.googleapis.com/v1beta1/projects/cinefiles-12 {"projectId":"cinefiles-12","projectNumber":"444789549827","displayName":"Cinefiles","name":"projects/cinefiles-12","resources":{"hostingSite":"cinefiles-12"},"state":"ACTIVE"}
[info] 
[info] === Serving from '/mnt/c/Users/tyron/OneDrive/Bureau/work/PROJET-LIBRE/cinefiles'...
[info] 
[info] ✔  functions: Using node@12 from host. {"metadata":{"emulator":{"name":"functions"},"message":"Using node@12 from host."}}
[debug] [2021-01-21T20:26:13.569Z] defaultcredentials: writing to file /home/tyron/.config/firebase/tyrondema_hotmail_fr_application_default_credentials.json
[debug] [2021-01-21T20:26:13.570Z] Setting GAC to /home/tyron/.config/firebase/tyrondema_hotmail_fr_application_default_credentials.json {"metadata":{"emulator":{"name":"functions"},"message":"Setting GAC to /home/tyron/.config/firebase/tyrondema_hotmail_fr_application_default_credentials.json"}}
[debug] [2021-01-21T20:26:13.571Z] >>> [apiv2][query] GET https://firebase.googleapis.com/v1beta1/projects/cinefiles-12/adminSdkConfig [none]
[debug] [2021-01-21T20:26:13.831Z] <<< [apiv2][status] GET https://firebase.googleapis.com/v1beta1/projects/cinefiles-12/adminSdkConfig 200
[debug] [2021-01-21T20:26:13.831Z] <<< [apiv2][body] GET https://firebase.googleapis.com/v1beta1/projects/cinefiles-12/adminSdkConfig {"projectId":"cinefiles-12","storageBucket":"cinefiles-12.appspot.com"}
[info] i  functions: Watching "/mnt/c/Users/tyron/OneDrive/Bureau/work/PROJET-LIBRE/cinefiles/functions" for Cloud Functions... {"metadata":{"emulator":{"name":"functions"},"message":"Watching \"/mnt/c/Users/tyron/OneDrive/Bureau/work/PROJET-LIBRE/cinefiles/functions\" for Cloud Functions..."}}
[debug] [2021-01-21T20:26:13.877Z] [worker-pool] addWorker(~diagnostic~) {"metadata":{"emulator":{"name":"functions"},"message":"[worker-pool] addWorker(~diagnostic~)"}}
[debug] [2021-01-21T20:26:13.877Z] [worker-pool] Adding worker with key ~diagnostic~, total=1 {"metadata":{"emulator":{"name":"functions"},"message":"[worker-pool] Adding worker with key ~diagnostic~, total=1"}}
[debug] [2021-01-21T20:26:13.877Z] [worker-pool] submitWork(triggerId=) {"metadata":{"emulator":{"name":"functions"},"message":"[worker-pool] submitWork(triggerId=)"}}
[debug] [2021-01-21T20:26:13.877Z] [worker-~diagnostic~-6b04ce7b-20cb-46ef-9cb9-e64d36c4bd3b]: Assigning socketPath: /tmp/fire_emu_41.sock {"metadata":{"emulator":{"name":"functions"},"message":"[worker-~diagnostic~-6b04ce7b-20cb-46ef-9cb9-e64d36c4bd3b]: Assigning socketPath: /tmp/fire_emu_41.sock"}}
[debug] [2021-01-21T20:26:13.878Z] [worker-~diagnostic~-6b04ce7b-20cb-46ef-9cb9-e64d36c4bd3b]: BUSY {"metadata":{"emulator":{"name":"functions"},"message":"[worker-~diagnostic~-6b04ce7b-20cb-46ef-9cb9-e64d36c4bd3b]: BUSY"}}
[debug] [2021-01-21T20:26:14.026Z] [runtime-status] [41] Functions runtime initialized. {"cwd":"/mnt/c/Users/tyron/OneDrive/Bureau/work/PROJET-LIBRE/cinefiles/functions","node_version":"12.18.3"} {"metadata":{"emulator":{"name":"functions"},"message":"[runtime-status] [41] Functions runtime initialized. {\"cwd\":\"/mnt/c/Users/tyron/OneDrive/Bureau/work/PROJET-LIBRE/cinefiles/functions\",\"node_version\":\"12.18.3\"}"}}
[debug] [2021-01-21T20:26:14.027Z] [runtime-status] [41] Disabled runtime features: undefined {"metadata":{"emulator":{"name":"functions"},"message":"[runtime-status] [41] Disabled runtime features: undefined"}}
[debug] [2021-01-21T20:26:14.031Z] [runtime-status] [41] Resolved module firebase-admin {"declared":true,"installed":true,"version":"9.4.2","resolution":"/mnt/c/Users/tyron/OneDrive/Bureau/work/PROJET-LIBRE/cinefiles/functions/node_modules/firebase-admin/lib/index.js"} {"metadata":{"emulator":{"name":"functions"},"message":"[runtime-status] [41] Resolved module firebase-admin {\"declared\":true,\"installed\":true,\"version\":\"9.4.2\",\"resolution\":\"/mnt/c/Users/tyron/OneDrive/Bureau/work/PROJET-LIBRE/cinefiles/functions/node_modules/firebase-admin/lib/index.js\"}"}}
[debug] [2021-01-21T20:26:14.032Z] [runtime-status] [41] Resolved module firebase-functions {"declared":true,"installed":true,"version":"3.13.1","resolution":"/mnt/c/Users/tyron/OneDrive/Bureau/work/PROJET-LIBRE/cinefiles/functions/node_modules/firebase-functions/lib/index.js"} {"metadata":{"emulator":{"name":"functions"},"message":"[runtime-status] [41] Resolved module firebase-functions {\"declared\":true,\"installed\":true,\"version\":\"3.13.1\",\"resolution\":\"/mnt/c/Users/tyron/OneDrive/Bureau/work/PROJET-LIBRE/cinefiles/functions/node_modules/firebase-functions/lib/index.js\"}"}}
[debug] [2021-01-21T20:26:14.033Z] [runtime-status] [41] Resolved module firebase-functions {"declared":true,"installed":true,"version":"3.13.1","resolution":"/mnt/c/Users/tyron/OneDrive/Bureau/work/PROJET-LIBRE/cinefiles/functions/node_modules/firebase-functions/lib/index.js"} {"metadata":{"emulator":{"name":"functions"},"message":"[runtime-status] [41] Resolved module firebase-functions {\"declared\":true,\"installed\":true,\"version\":\"3.13.1\",\"resolution\":\"/mnt/c/Users/tyron/OneDrive/Bureau/work/PROJET-LIBRE/cinefiles/functions/node_modules/firebase-functions/lib/index.js\"}"}}
[debug] [2021-01-21T20:26:14.035Z] [runtime-status] [41] Outgoing network have been stubbed. [{"name":"http","status":"mocked"},{"name":"http","status":"mocked"},{"name":"https","status":"mocked"},{"name":"https","status":"mocked"},{"name":"net","status":"mocked"}] {"metadata":{"emulator":{"name":"functions"},"message":"[runtime-status] [41] Outgoing network have been stubbed. [{\"name\":\"http\",\"status\":\"mocked\"},{\"name\":\"http\",\"status\":\"mocked\"},{\"name\":\"https\",\"status\":\"mocked\"},{\"name\":\"https\",\"status\":\"mocked\"},{\"name\":\"net\",\"status\":\"mocked\"}]"}}
[debug] [2021-01-21T20:26:14.035Z] [runtime-status] [41] Resolved module firebase-functions {"declared":true,"installed":true,"version":"3.13.1","resolution":"/mnt/c/Users/tyron/OneDrive/Bureau/work/PROJET-LIBRE/cinefiles/functions/node_modules/firebase-functions/lib/index.js"} {"metadata":{"emulator":{"name":"functions"},"message":"[runtime-status] [41] Resolved module firebase-functions {\"declared\":true,\"installed\":true,\"version\":\"3.13.1\",\"resolution\":\"/mnt/c/Users/tyron/OneDrive/Bureau/work/PROJET-LIBRE/cinefiles/functions/node_modules/firebase-functions/lib/index.js\"}"}}
[debug] [2021-01-21T20:26:14.088Z] [runtime-status] [41] Checked functions.config() {"config":{}} {"metadata":{"emulator":{"name":"functions"},"message":"[runtime-status] [41] Checked functions.config() {\"config\":{}}"}}
[debug] [2021-01-21T20:26:14.089Z] [runtime-status] [41] firebase-functions has been stubbed. {"functionsResolution":{"declared":true,"installed":true,"version":"3.13.1","resolution":"/mnt/c/Users/tyron/OneDrive/Bureau/work/PROJET-LIBRE/cinefiles/functions/node_modules/firebase-functions/lib/index.js"}} {"metadata":{"emulator":{"name":"functions"},"message":"[runtime-status] [41] firebase-functions has been stubbed. {\"functionsResolution\":{\"declared\":true,\"installed\":true,\"version\":\"3.13.1\",\"resolution\":\"/mnt/c/Users/tyron/OneDrive/Bureau/work/PROJET-LIBRE/cinefiles/functions/node_modules/firebase-functions/lib/index.js\"}}"}}
[debug] [2021-01-21T20:26:14.089Z] [runtime-status] [41] Resolved module firebase-functions {"declared":true,"installed":true,"version":"3.13.1","resolution":"/mnt/c/Users/tyron/OneDrive/Bureau/work/PROJET-LIBRE/cinefiles/functions/node_modules/firebase-functions/lib/index.js"} {"metadata":{"emulator":{"name":"functions"},"message":"[runtime-status] [41] Resolved module firebase-functions {\"declared\":true,\"installed\":true,\"version\":\"3.13.1\",\"resolution\":\"/mnt/c/Users/tyron/OneDrive/Bureau/work/PROJET-LIBRE/cinefiles/functions/node_modules/firebase-functions/lib/index.js\"}"}}
[debug] [2021-01-21T20:26:14.090Z] [runtime-status] [41] Resolved module firebase-admin {"declared":true,"installed":true,"version":"9.4.2","resolution":"/mnt/c/Users/tyron/OneDrive/Bureau/work/PROJET-LIBRE/cinefiles/functions/node_modules/firebase-admin/lib/index.js"} {"metadata":{"emulator":{"name":"functions"},"message":"[runtime-status] [41] Resolved module firebase-admin {\"declared\":true,\"installed\":true,\"version\":\"9.4.2\",\"resolution\":\"/mnt/c/Users/tyron/OneDrive/Bureau/work/PROJET-LIBRE/cinefiles/functions/node_modules/firebase-admin/lib/index.js\"}"}}
[debug] [2021-01-21T20:26:14.091Z] [runtime-status] [41] Resolved module firebase-functions {"declared":true,"installed":true,"version":"3.13.1","resolution":"/mnt/c/Users/tyron/OneDrive/Bureau/work/PROJET-LIBRE/cinefiles/functions/node_modules/firebase-functions/lib/index.js"} {"metadata":{"emulator":{"name":"functions"},"message":"[runtime-status] [41] Resolved module firebase-functions {\"declared\":true,\"installed\":true,\"version\":\"3.13.1\",\"resolution\":\"/mnt/c/Users/tyron/OneDrive/Bureau/work/PROJET-LIBRE/cinefiles/functions/node_modules/firebase-functions/lib/index.js\"}"}}
[debug] [2021-01-21T20:26:14.091Z] [runtime-status] [41] firebase-admin has been stubbed. {"adminResolution":{"declared":true,"installed":true,"version":"9.4.2","resolution":"/mnt/c/Users/tyron/OneDrive/Bureau/work/PROJET-LIBRE/cinefiles/functions/node_modules/firebase-admin/lib/index.js"}} {"metadata":{"emulator":{"name":"functions"},"message":"[runtime-status] [41] firebase-admin has been stubbed. {\"adminResolution\":{\"declared\":true,\"installed\":true,\"version\":\"9.4.2\",\"resolution\":\"/mnt/c/Users/tyron/OneDrive/Bureau/work/PROJET-LIBRE/cinefiles/functions/node_modules/firebase-admin/lib/index.js\"}}"}}
[info] ✔  functions[helloWorld]: http function initialized (http://localhost:5000/cinefiles-12/us-central1/helloWorld). {"metadata":{"emulator":{"name":"functions"},"message":"\u001b[1mhttp\u001b[22m function initialized (http://localhost:5000/cinefiles-12/us-central1/helloWorld)."}}
[debug] [2021-01-21T20:26:14.101Z] [worker-~diagnostic~-6b04ce7b-20cb-46ef-9cb9-e64d36c4bd3b]: IDLE {"metadata":{"emulator":{"name":"functions"},"message":"[worker-~diagnostic~-6b04ce7b-20cb-46ef-9cb9-e64d36c4bd3b]: IDLE"}}
[debug] [2021-01-21T20:26:52.886Z] Functions emulator received unknown request at path /
[debug] [2021-01-21T20:26:53.083Z] Functions emulator received unknown request at path /favicon.ico
[debug] [2021-01-21T20:26:59.584Z] [work-queue] {"queueLength":1,"workRunningCount":0}
[debug] [2021-01-21T20:26:59.585Z] [work-queue] {"queueLength":0,"workRunningCount":1}
[debug] [2021-01-21T20:26:59.585Z] Accepted request GET /cinefiles-12/us-central1/helloWorld --> helloWorld
[debug] [2021-01-21T20:26:59.610Z] [worker-pool] addWorker(helloWorld) {"metadata":{"emulator":{"name":"functions"},"message":"[worker-pool] addWorker(helloWorld)"}}
[debug] [2021-01-21T20:26:59.611Z] [worker-pool] Adding worker with key helloWorld, total=1 {"metadata":{"emulator":{"name":"functions"},"message":"[worker-pool] Adding worker with key helloWorld, total=1"}}
[debug] [2021-01-21T20:26:59.611Z] [worker-pool] submitWork(triggerId=helloWorld) {"metadata":{"emulator":{"name":"functions"},"message":"[worker-pool] submitWork(triggerId=helloWorld)"}}
[debug] [2021-01-21T20:26:59.611Z] [worker-helloWorld-9b6e3fdd-bd4c-4468-a1b1-8053bf94f635]: Assigning socketPath: /tmp/fire_emu_48.sock {"metadata":{"emulator":{"name":"functions"},"message":"[worker-helloWorld-9b6e3fdd-bd4c-4468-a1b1-8053bf94f635]: Assigning socketPath: /tmp/fire_emu_48.sock"}}
[debug] [2021-01-21T20:26:59.611Z] [worker-helloWorld-9b6e3fdd-bd4c-4468-a1b1-8053bf94f635]: BUSY {"metadata":{"emulator":{"name":"functions"},"message":"[worker-helloWorld-9b6e3fdd-bd4c-4468-a1b1-8053bf94f635]: BUSY"}}
[debug] [2021-01-21T20:26:59.789Z] [runtime-status] [48] Functions runtime initialized. {"cwd":"/mnt/c/Users/tyron/OneDrive/Bureau/work/PROJET-LIBRE/cinefiles/functions","node_version":"12.18.3"} {"metadata":{"emulator":{"name":"functions"},"function":{"name":"helloWorld"},"message":"[runtime-status] [48] Functions runtime initialized. {\"cwd\":\"/mnt/c/Users/tyron/OneDrive/Bureau/work/PROJET-LIBRE/cinefiles/functions\",\"node_version\":\"12.18.3\"}"}}
[debug] [2021-01-21T20:26:59.790Z] [runtime-status] [48] Disabled runtime features: undefined {"metadata":{"emulator":{"name":"functions"},"function":{"name":"helloWorld"},"message":"[runtime-status] [48] Disabled runtime features: undefined"}}
[debug] [2021-01-21T20:26:59.794Z] [runtime-status] [48] Resolved module firebase-admin {"declared":true,"installed":true,"version":"9.4.2","resolution":"/mnt/c/Users/tyron/OneDrive/Bureau/work/PROJET-LIBRE/cinefiles/functions/node_modules/firebase-admin/lib/index.js"} {"metadata":{"emulator":{"name":"functions"},"function":{"name":"helloWorld"},"message":"[runtime-status] [48] Resolved module firebase-admin {\"declared\":true,\"installed\":true,\"version\":\"9.4.2\",\"resolution\":\"/mnt/c/Users/tyron/OneDrive/Bureau/work/PROJET-LIBRE/cinefiles/functions/node_modules/firebase-admin/lib/index.js\"}"}}
[debug] [2021-01-21T20:26:59.796Z] [runtime-status] [48] Resolved module firebase-functions {"declared":true,"installed":true,"version":"3.13.1","resolution":"/mnt/c/Users/tyron/OneDrive/Bureau/work/PROJET-LIBRE/cinefiles/functions/node_modules/firebase-functions/lib/index.js"} {"metadata":{"emulator":{"name":"functions"},"function":{"name":"helloWorld"},"message":"[runtime-status] [48] Resolved module firebase-functions {\"declared\":true,\"installed\":true,\"version\":\"3.13.1\",\"resolution\":\"/mnt/c/Users/tyron/OneDrive/Bureau/work/PROJET-LIBRE/cinefiles/functions/node_modules/firebase-functions/lib/index.js\"}"}}
[debug] [2021-01-21T20:26:59.798Z] [runtime-status] [48] Resolved module firebase-functions {"declared":true,"installed":true,"version":"3.13.1","resolution":"/mnt/c/Users/tyron/OneDrive/Bureau/work/PROJET-LIBRE/cinefiles/functions/node_modules/firebase-functions/lib/index.js"} {"metadata":{"emulator":{"name":"functions"},"function":{"name":"helloWorld"},"message":"[runtime-status] [48] Resolved module firebase-functions {\"declared\":true,\"installed\":true,\"version\":\"3.13.1\",\"resolution\":\"/mnt/c/Users/tyron/OneDrive/Bureau/work/PROJET-LIBRE/cinefiles/functions/node_modules/firebase-functions/lib/index.js\"}"}}
[debug] [2021-01-21T20:26:59.800Z] [runtime-status] [48] Outgoing network have been stubbed. [{"name":"http","status":"mocked"},{"name":"http","status":"mocked"},{"name":"https","status":"mocked"},{"name":"https","status":"mocked"},{"name":"net","status":"mocked"}] {"metadata":{"emulator":{"name":"functions"},"function":{"name":"helloWorld"},"message":"[runtime-status] [48] Outgoing network have been stubbed. [{\"name\":\"http\",\"status\":\"mocked\"},{\"name\":\"http\",\"status\":\"mocked\"},{\"name\":\"https\",\"status\":\"mocked\"},{\"name\":\"https\",\"status\":\"mocked\"},{\"name\":\"net\",\"status\":\"mocked\"}]"}}
[debug] [2021-01-21T20:26:59.800Z] [runtime-status] [48] Resolved module firebase-functions {"declared":true,"installed":true,"version":"3.13.1","resolution":"/mnt/c/Users/tyron/OneDrive/Bureau/work/PROJET-LIBRE/cinefiles/functions/node_modules/firebase-functions/lib/index.js"} {"metadata":{"emulator":{"name":"functions"},"function":{"name":"helloWorld"},"message":"[runtime-status] [48] Resolved module firebase-functions {\"declared\":true,\"installed\":true,\"version\":\"3.13.1\",\"resolution\":\"/mnt/c/Users/tyron/OneDrive/Bureau/work/PROJET-LIBRE/cinefiles/functions/node_modules/firebase-functions/lib/index.js\"}"}}
[debug] [2021-01-21T20:26:59.861Z] [runtime-status] [48] Checked functions.config() {"config":{}} {"metadata":{"emulator":{"name":"functions"},"function":{"name":"helloWorld"},"message":"[runtime-status] [48] Checked functions.config() {\"config\":{}}"}}
[debug] [2021-01-21T20:26:59.861Z] [runtime-status] [48] firebase-functions has been stubbed. {"functionsResolution":{"declared":true,"installed":true,"version":"3.13.1","resolution":"/mnt/c/Users/tyron/OneDrive/Bureau/work/PROJET-LIBRE/cinefiles/functions/node_modules/firebase-functions/lib/index.js"}} {"metadata":{"emulator":{"name":"functions"},"function":{"name":"helloWorld"},"message":"[runtime-status] [48] firebase-functions has been stubbed. {\"functionsResolution\":{\"declared\":true,\"installed\":true,\"version\":\"3.13.1\",\"resolution\":\"/mnt/c/Users/tyron/OneDrive/Bureau/work/PROJET-LIBRE/cinefiles/functions/node_modules/firebase-functions/lib/index.js\"}}"}}
[debug] [2021-01-21T20:26:59.862Z] [runtime-status] [48] Resolved module firebase-functions {"declared":true,"installed":true,"version":"3.13.1","resolution":"/mnt/c/Users/tyron/OneDrive/Bureau/work/PROJET-LIBRE/cinefiles/functions/node_modules/firebase-functions/lib/index.js"} {"metadata":{"emulator":{"name":"functions"},"function":{"name":"helloWorld"},"message":"[runtime-status] [48] Resolved module firebase-functions {\"declared\":true,\"installed\":true,\"version\":\"3.13.1\",\"resolution\":\"/mnt/c/Users/tyron/OneDrive/Bureau/work/PROJET-LIBRE/cinefiles/functions/node_modules/firebase-functions/lib/index.js\"}"}}
[debug] [2021-01-21T20:26:59.864Z] [runtime-status] [48] Resolved module firebase-admin {"declared":true,"installed":true,"version":"9.4.2","resolution":"/mnt/c/Users/tyron/OneDrive/Bureau/work/PROJET-LIBRE/cinefiles/functions/node_modules/firebase-admin/lib/index.js"} {"metadata":{"emulator":{"name":"functions"},"function":{"name":"helloWorld"},"message":"[runtime-status] [48] Resolved module firebase-admin {\"declared\":true,\"installed\":true,\"version\":\"9.4.2\",\"resolution\":\"/mnt/c/Users/tyron/OneDrive/Bureau/work/PROJET-LIBRE/cinefiles/functions/node_modules/firebase-admin/lib/index.js\"}"}}
[debug] [2021-01-21T20:26:59.865Z] [runtime-status] [48] Resolved module firebase-functions {"declared":true,"installed":true,"version":"3.13.1","resolution":"/mnt/c/Users/tyron/OneDrive/Bureau/work/PROJET-LIBRE/cinefiles/functions/node_modules/firebase-functions/lib/index.js"} {"metadata":{"emulator":{"name":"functions"},"function":{"name":"helloWorld"},"message":"[runtime-status] [48] Resolved module firebase-functions {\"declared\":true,\"installed\":true,\"version\":\"3.13.1\",\"resolution\":\"/mnt/c/Users/tyron/OneDrive/Bureau/work/PROJET-LIBRE/cinefiles/functions/node_modules/firebase-functions/lib/index.js\"}"}}
[debug] [2021-01-21T20:26:59.865Z] [runtime-status] [48] firebase-admin has been stubbed. {"adminResolution":{"declared":true,"installed":true,"version":"9.4.2","resolution":"/mnt/c/Users/tyron/OneDrive/Bureau/work/PROJET-LIBRE/cinefiles/functions/node_modules/firebase-admin/lib/index.js"}} {"metadata":{"emulator":{"name":"functions"},"function":{"name":"helloWorld"},"message":"[runtime-status] [48] firebase-admin has been stubbed. {\"adminResolution\":{\"declared\":true,\"installed\":true,\"version\":\"9.4.2\",\"resolution\":\"/mnt/c/Users/tyron/OneDrive/Bureau/work/PROJET-LIBRE/cinefiles/functions/node_modules/firebase-admin/lib/index.js\"}}"}}
[debug] [2021-01-21T20:26:59.866Z] [runtime-status] [48] Trigger "helloWorld" has been found, beginning invocation! {"metadata":{"emulator":{"name":"functions"},"function":{"name":"helloWorld"},"message":"[runtime-status] [48] Trigger \"helloWorld\" has been found, beginning invocation!"}}
[info] i  functions: Beginning execution of "helloWorld" {"metadata":{"emulator":{"name":"functions"},"function":{"name":"helloWorld"},"message":"Beginning execution of \"helloWorld\""}}
[debug] [2021-01-21T20:26:59.867Z] [runtime-status] [48] triggerDefinition {"httpsTrigger":{},"name":"helloWorld","entryPoint":"helloWorld"} {"metadata":{"emulator":{"name":"functions"},"function":{"name":"helloWorld"},"message":"[runtime-status] [48] triggerDefinition {\"httpsTrigger\":{},\"name\":\"helloWorld\",\"entryPoint\":\"helloWorld\"}"}}
[debug] [2021-01-21T20:26:59.867Z] [runtime-status] [48] Running helloWorld in mode HTTPS {"metadata":{"emulator":{"name":"functions"},"function":{"name":"helloWorld"},"message":"[runtime-status] [48] Running helloWorld in mode HTTPS"}}
[debug] [2021-01-21T20:26:59.871Z] [runtime-status] [48] Attempting to listen to socketPath: /tmp/fire_emu_48.sock {"metadata":{"emulator":{"name":"functions"},"function":{"name":"helloWorld"},"message":"[runtime-status] [48] Attempting to listen to socketPath: /tmp/fire_emu_48.sock"}}
[debug] [2021-01-21T20:26:59.879Z] [functions] Runtime ready! Sending request! {"metadata":{"emulator":{"name":"functions"},"message":"[functions] Runtime ready! Sending request!"}}
[debug] [2021-01-21T20:26:59.880Z] [functions] Got req.url=/cinefiles-12/us-central1/helloWorld, mapping to path=/ {"metadata":{"emulator":{"name":"functions"},"message":"[functions] Got req.url=/cinefiles-12/us-central1/helloWorld, mapping to path=/"}}
[debug] [2021-01-21T20:26:59.896Z] [runtime-status] [48] Ephemeral server handling GET request {"metadata":{"emulator":{"name":"functions"},"function":{"name":"helloWorld"},"message":"[runtime-status] [48] Ephemeral server handling GET request"}}
[info] >  {"structuredData":true,"severity":"INFO","message":"Hello logs!"} {"user":{"structuredData":true,"severity":"INFO","message":"Hello logs!"},"metadata":{"emulator":{"name":"functions"},"function":{"name":"helloWorld"},"message":"\u001b[90m> \u001b[39m {\"structuredData\":true,\"severity\":\"INFO\",\"message\":\"Hello logs!\"}"}}
[debug] [2021-01-21T20:26:59.902Z] [runtime-status] [48] Ephemeral server survived. {"metadata":{"emulator":{"name":"functions"},"function":{"name":"helloWorld"},"message":"[runtime-status] [48] Ephemeral server survived."}}
[info] i  functions: Finished "helloWorld" in ~1s {"metadata":{"emulator":{"name":"functions"},"function":{"name":"helloWorld"},"message":"Finished \"helloWorld\" in ~1s"}}
[debug] [2021-01-21T20:26:59.904Z] [worker-helloWorld-9b6e3fdd-bd4c-4468-a1b1-8053bf94f635]: IDLE {"metadata":{"emulator":{"name":"functions"},"message":"[worker-helloWorld-9b6e3fdd-bd4c-4468-a1b1-8053bf94f635]: IDLE"}}
[debug] [2021-01-21T20:26:59.904Z] [work-queue] {"queueLength":0,"workRunningCount":0}
